Arguments: 
  /Users/ims/.nvm/versions/node/v12.3.1/bin/node /usr/local/bin/yarn add @graphql-codegen/typ

PATH: 
  /Users/ims/.nvm/versions/node/v12.3.1/bin:/Users/ims/bin:/usr/local/bin:/usr/local/bin:/usr/bin:/bin:/usr/sbin:/sbin:/Users/ims/.nvm/versions/node/v12.3.1/bin:/Users/ims/bin

Yarn version: 
  1.13.0

Node version: 
  12.3.1

Platform: 
  darwin x64

Trace: 
  Error: https://registry.npmjs.org/@graphql-codegen%2ftyp: Not found
      at Request.params.callback [as _callback] (/usr/local/lib/node_modules/yarn/lib/cli.js:66255:18)
      at Request.self.callback (/usr/local/lib/node_modules/yarn/lib/cli.js:129397:22)
      at Request.emit (events.js:200:13)
      at Request.<anonymous> (/usr/local/lib/node_modules/yarn/lib/cli.js:130369:10)
      at Request.emit (events.js:200:13)
      at IncomingMessage.<anonymous> (/usr/local/lib/node_modules/yarn/lib/cli.js:130291:12)
      at Object.onceWrapper (events.js:288:20)
      at IncomingMessage.emit (events.js:205:15)
      at endReadableNT (_stream_readable.js:1137:12)
      at processTicksAndRejections (internal/process/task_queues.js:84:9)

npm manifest: 
  {
    "name": "@notadd/magnus",
    "version": "3.3.4",
    "description": "> TODO: description",
    "author": "imeepos <1037483576@qq.com>",
    "homepage": "https://github.com/notadd/magnus/tree/master/libs/compiler#readme",
    "license": "ISC",
    "publishConfig": {
      "access": "public"
    },
    "main": "lib/index.js",
    "bin": {
      "magnus": "./lib/bin.js"
    },
    "directories": {
      "lib": "lib",
      "test": "__tests__"
    },
    "files": [
      "lib"
    ],
    "repository": {
      "type": "git",
      "url": "git+https://github.com/notadd/magnus.git"
    },
    "scripts": {
      "test": "echo \"Error: run tests from root\" && exit 1"
    },
    "bugs": {
      "url": "https://github.com/notadd/magnus/issues"
    },
    "gitHead": "acbf551528e935fe60bc728c46992f3671bfe140",
    "dependencies": {
      "@graphql-codegen/add": "^1.5.0",
      "@graphql-codegen/cli": "^1.5.0",
      "@graphql-codegen/fragment-matcher": "^1.5.0",
      "@graphql-codegen/typescript": "^1.5.0",
      "@graphql-codegen/typescript-apollo-angular": "^1.5.0",
      "@graphql-codegen/typescript-operations": "^1.5.0",
      "@nodeutils/defaults-deep": "^1.1.0",
      "@notadd/magnus-core": "^3.3.4",
      "@notadd/magnus-graphql": "^3.2.6",
      "@notadd/magnus-grpc": "^3.2.6",
      "chokidar": "^3.0.2",
      "commander": "^2.20.0",
      "fs-extra": "^8.0.1",
      "graphql": "^14.4.2",
      "graphql-tools": "^4.0.5",
      "libp2p": "^0.25.5",
      "libp2p-kad-dht": "^0.15.2",
      "libp2p-mdns": "^0.12.3",
      "libp2p-mplex": "^0.8.5",
      "libp2p-secio": "^0.11.1",
      "libp2p-spdy": "^0.13.3",
      "libp2p-tcp": "^0.13.0",
      "libp2p-websockets": "^0.12.2",
      "lodash": "^4.17.11",
      "peer-id": "^0.13.1",
      "peer-info": "^0.16.0",
      "ts-morph": "^3.1.0",
      "tslib": "^1.10.0",
      "typescript": "~3.5.3"
    }
  }

yarn manifest: 
  No manifest

Lockfile: 
  No lockfile
